#
# There is insufficient memory for the Java Runtime Environment to continue.
# Native memory allocation (malloc) failed to allocate 1324336 bytes for Chunk::new
# Possible reasons:
#   The system is out of physical RAM or swap space
#   The process is running with CompressedOops enabled, and the Java Heap may be blocking the growth of the native heap
# Possible solutions:
#   Reduce memory load on the system
#   Increase physical memory or swap space
#   Check if swap backing store is full
#   Decrease Java heap size (-Xmx/-Xms)
#   Decrease number of Java threads
#   Decrease Java thread stack sizes (-Xss)
#   Set larger code cache with -XX:ReservedCodeCacheSize=
#   JVM is running with Unscaled Compressed Oops mode in which the Java heap is
#     placed in the first 4GB address space. The Java Heap base address is the
#     maximum limit for the native heap growth. Please use -XX:HeapBaseMinAddress
#     to set the Java Heap base and to place the Java Heap above 4GB virtual address.
# This output file may be truncated or incomplete.
#
#  Out of Memory Error (allocation.cpp:389), pid=4828, tid=0x000000000000132c
#
# JRE version: OpenJDK Runtime Environment (8.0_202-b03) (build 1.8.0_202-release-1483-b03)
# Java VM: OpenJDK 64-Bit Server VM (25.202-b03 mixed mode windows-amd64 compressed oops)
# Failed to write core dump. Minidumps are not enabled by default on client versions of Windows
#

---------------  T H R E A D  ---------------

Current thread (0x0000000017f5d000):  JavaThread "C2 CompilerThread0" daemon [_thread_in_native, id=4908, stack(0x00000000195d0000,0x00000000196d0000)]

Stack: [0x00000000195d0000,0x00000000196d0000]
[error occurred during error reporting (printing stack bounds), id 0xc0000005]

Native frames: (J=compiled Java code, j=interpreted, Vv=VM code, C=native code)


Current CompileTask:
C2:   3138 1408       4       java.net.URLClassLoader$1::run (5 bytes)


---------------  P R O C E S S  ---------------

Java Threads: ( => current thread )
  0x000000001b425800 JavaThread "Cache worker for journal cache (C:\Users\Administator\.gradle\caches\journal-1)" [_thread_blocked, id=1244, stack(0x000000001d9f0000,0x000000001daf0000)]
  0x000000001b420800 JavaThread "File lock request listener" [_thread_in_native, id=3816, stack(0x000000001d6f0000,0x000000001d7f0000)]
  0x000000001b611800 JavaThread "Cache worker for file hash cache (C:\Users\Administator\.gradle\caches\5.4.1\fileHashes)" [_thread_blocked, id=3212, stack(0x000000001d5f0000,0x000000001d6f0000)]
  0x000000001aeef800 JavaThread "Thread-9" [_thread_blocked, id=9512, stack(0x000000001d4f0000,0x000000001d5f0000)]
  0x000000001aeee800 JavaThread "Stdin handler" [_thread_blocked, id=14388, stack(0x000000001d3f0000,0x000000001d4f0000)]
  0x000000001aeee000 JavaThread "Asynchronous log dispatcher for DefaultDaemonConnection: socket connection from /127.0.0.1:50627 to /127.0.0.1:50628" [_thread_blocked, id=3292, stack(0x000000001d2f0000,0x000000001d3f0000)]
  0x000000001aef3800 JavaThread "Daemon worker" [_thread_in_vm, id=16204, stack(0x000000001d1f0000,0x000000001d2f0000)]
  0x000000001aef2800 JavaThread "Cancel handler" [_thread_blocked, id=10632, stack(0x000000001d0f0000,0x000000001d1f0000)]
  0x000000001b5eb800 JavaThread "Handler for socket connection from /127.0.0.1:50627 to /127.0.0.1:50628" [_thread_in_native, id=8020, stack(0x000000001cdf0000,0x000000001cef0000)]
  0x000000001b5eb000 JavaThread "Daemon" [_thread_blocked, id=12784, stack(0x000000001ccf0000,0x000000001cdf0000)]
  0x000000001b27c000 JavaThread "Daemon periodic checks" [_thread_blocked, id=15904, stack(0x000000001cbf0000,0x000000001ccf0000)]
  0x000000001b0d1800 JavaThread "Incoming local TCP Connector on port 50627" [_thread_in_native, id=8468, stack(0x000000001c9b0000,0x000000001cab0000)]
  0x000000001a7c0000 JavaThread "Daemon health stats" [_thread_blocked, id=12136, stack(0x000000001c370000,0x000000001c470000)]
  0x0000000017fe3800 JavaThread "Service Thread" daemon [_thread_blocked, id=10580, stack(0x00000000199d0000,0x0000000019ad0000)]
  0x0000000017f9e800 JavaThread "C1 CompilerThread3" daemon [_thread_in_vm, id=13136, stack(0x00000000198d0000,0x00000000199d0000)]
  0x0000000017f70800 JavaThread "C2 CompilerThread2" daemon [_thread_in_native, id=12024, stack(0x00000000197d0000,0x00000000198d0000)]
  0x0000000017f68800 JavaThread "C2 CompilerThread1" daemon [_thread_blocked, id=2748, stack(0x00000000196d0000,0x00000000197d0000)]
=>0x0000000017f5d000 JavaThread "C2 CompilerThread0" daemon [_thread_in_native, id=4908, stack(0x00000000195d0000,0x00000000196d0000)]
  0x0000000017f5b800 JavaThread "Attach Listener" daemon [_thread_blocked, id=9172, stack(0x00000000194d0000,0x00000000195d0000)]
  0x0000000017f5a800 JavaThread "Signal Dispatcher" daemon [_thread_blocked, id=13440, stack(0x00000000193d0000,0x00000000194d0000)]
  0x0000000016882000 JavaThread "Finalizer" daemon [_thread_blocked, id=12820, stack(0x00000000191d0000,0x00000000192d0000)]
  0x0000000017f53000 JavaThread "Reference Handler" daemon [_thread_blocked, id=6156, stack(0x00000000190d0000,0x00000000191d0000)]
  0x000000000263e000 JavaThread "main" [_thread_blocked, id=8760, stack(0x00000000026c0000,0x00000000027c0000)]

Other Threads:
  0x0000000016875000 VMThread [stack: 0x0000000018fd0000,0x00000000190d0000] [id=11064]
  0x0000000017fec000 WatcherThread [stack: 0x0000000019ad0000,0x0000000019bd0000] [id=1400]

VM state:not at safepoint (normal execution)

VM Mutex/Monitor currently owned by a thread:  ([mutex/lock_event])
[0x000000000263c900] CompiledIC_lock - owner thread: 0x0000000000000000

heap address: 0x00000000a0000000, size: 1536 MB, Compressed Oops mode: 32-bit
Narrow klass base: 0x0000000000000000, Narrow klass shift: 3
Compressed class space size: 1073741824 Address: 0x0000000100000000

Heap:
 PSYoungGen      total 76288K, used 22078K [0x00000000e0000000, 0x00000000e5500000, 0x0000000100000000)
  eden space 65536K, 18% used [0x00000000e0000000,0x00000000e0bc7408,0x00000000e4000000)
  from space 10752K, 93% used [0x00000000e4a80000,0x00000000e54485f0,0x00000000e5500000)
  to   space 10752K, 0% used [0x00000000e4000000,0x00000000e4000000,0x00000000e4a80000)
 ParOldGen       total 175104K, used 24K [0x00000000a0000000, 0x00000000aab00000, 0x00000000e0000000)
  object space 175104K, 0% used [0x00000000a0000000,0x00000000a0006000,0x00000000aab00000)
 Metaspace       used 16462K, capacity 16900K, committed 17152K, reserved 1064960K
  class space    used 2348K, capacity 2488K, committed 2560K, reserved 1048576K

Card table byte_map: [0x0000000011c80000,0x0000000011f90000] byte_map_base: 0x0000000011780000

Marking Bits: (ParMarkBitMap*) 0x0000000051b39f30
 Begin Bits: [0x0000000012b90000, 0x0000000014390000)
 End Bits:   [0x0000000014390000, 0x0000000015b90000)

Polling page: 0x0000000000d20000

CodeCache: size=245760Kb used=5291Kb max_used=5294Kb free=240468Kb
 bounds [0x00000000028c0000, 0x0000000002df0000, 0x00000000118c0000]
 total_blobs=1938 nmethods=1541 adapters=311
 compilation: enabled

Compilation events (10 events):
Event: 3.085 Thread 0x0000000017f68800 1537       4       java.util.ArrayList$Itr::next (66 bytes)
Event: 3.086 Thread 0x0000000017f68800 nmethod 1537 0x0000000002de2710 code [0x0000000002de2860, 0x0000000002de2978]
Event: 3.119 Thread 0x0000000017f9e800 1538       3       java.util.concurrent.locks.AbstractQueuedSynchronizer::setState (6 bytes)
Event: 3.119 Thread 0x0000000017f9e800 nmethod 1538 0x0000000002dea410 code [0x0000000002dea560, 0x0000000002dea6b0]
Event: 3.120 Thread 0x0000000017f9e800 1539       3       org.objectweb.asm.SymbolTable::get (13 bytes)
Event: 3.120 Thread 0x0000000017f9e800 nmethod 1539 0x0000000002dea050 code [0x0000000002dea1a0, 0x0000000002dea330]
Event: 3.123 Thread 0x0000000017f9e800 1540       3       java.lang.reflect.Constructor::<init> (50 bytes)
Event: 3.123 Thread 0x0000000017f9e800 nmethod 1540 0x0000000002de9a50 code [0x0000000002de9bc0, 0x0000000002de9ed0]
Event: 3.125 Thread 0x0000000017f68800 1541  s    4       java.lang.Throwable::fillInStackTrace (29 bytes)
Event: 3.127 Thread 0x0000000017f68800 nmethod 1541 0x0000000002de9510 code [0x0000000002de9660, 0x0000000002de9988]

GC Heap History (4 events):
Event: 1.263 GC heap before
{Heap before GC invocations=1 (full 0):
 PSYoungGen      total 76288K, used 65536K [0x00000000e0000000, 0x00000000e5500000, 0x0000000100000000)
  eden space 65536K, 100% used [0x00000000e0000000,0x00000000e4000000,0x00000000e4000000)
  from space 10752K, 0% used [0x00000000e4a80000,0x00000000e4a80000,0x00000000e5500000)
  to   space 10752K, 0% used [0x00000000e4000000,0x00000000e4000000,0x00000000e4a80000)
 ParOldGen       total 175104K, used 0K [0x00000000a0000000, 0x00000000aab00000, 0x00000000e0000000)
  object space 175104K, 0% used [0x00000000a0000000,0x00000000a0000000,0x00000000aab00000)
 Metaspace       used 8368K, capacity 8574K, committed 8832K, reserved 1056768K
  class space    used 1074K, capacity 1141K, committed 1152K, reserved 1048576K
Event: 1.306 GC heap after
Heap after GC invocations=1 (full 0):
 PSYoungGen      total 76288K, used 6559K [0x00000000e0000000, 0x00000000e5500000, 0x0000000100000000)
  eden space 65536K, 0% used [0x00000000e0000000,0x00000000e0000000,0x00000000e4000000)
  from space 10752K, 61% used [0x00000000e4000000,0x00000000e4667ce0,0x00000000e4a80000)
  to   space 10752K, 0% used [0x00000000e4a80000,0x00000000e4a80000,0x00000000e5500000)
 ParOldGen       total 175104K, used 8K [0x00000000a0000000, 0x00000000aab00000, 0x00000000e0000000)
  object space 175104K, 0% used [0x00000000a0000000,0x00000000a0002000,0x00000000aab00000)
 Metaspace       used 8368K, capacity 8574K, committed 8832K, reserved 1056768K
  class space    used 1074K, capacity 1141K, committed 1152K, reserved 1048576K
}
Event: 2.942 GC heap before
{Heap before GC invocations=2 (full 0):
 PSYoungGen      total 76288K, used 72095K [0x00000000e0000000, 0x00000000e5500000, 0x0000000100000000)
  eden space 65536K, 100% used [0x00000000e0000000,0x00000000e4000000,0x00000000e4000000)
  from space 10752K, 61% used [0x00000000e4000000,0x00000000e4667ce0,0x00000000e4a80000)
  to   space 10752K, 0% used [0x00000000e4a80000,0x00000000e4a80000,0x00000000e5500000)
 ParOldGen       total 175104K, used 8K [0x00000000a0000000, 0x00000000aab00000, 0x00000000e0000000)
  object space 175104K, 0% used [0x00000000a0000000,0x00000000a0002000,0x00000000aab00000)
 Metaspace       used 15391K, capacity 15780K, committed 16000K, reserved 1062912K
  class space    used 2187K, capacity 2328K, committed 2432K, reserved 1048576K
Event: 2.955 GC heap after
Heap after GC invocations=2 (full 0):
 PSYoungGen      total 76288K, used 10017K [0x00000000e0000000, 0x00000000e5500000, 0x0000000100000000)
  eden space 65536K, 0% used [0x00000000e0000000,0x00000000e0000000,0x00000000e4000000)
  from space 10752K, 93% used [0x00000000e4a80000,0x00000000e54485f0,0x00000000e5500000)
  to   space 10752K, 0% used [0x00000000e4000000,0x00000000e4000000,0x00000000e4a80000)
 ParOldGen       total 175104K, used 24K [0x00000000a0000000, 0x00000000aab00000, 0x00000000e0000000)
  object space 175104K, 0% used [0x00000000a0000000,0x00000000a0006000,0x00000000aab00000)
 Metaspace       used 15391K, capacity 15780K, committed 16000K, reserved 1062912K
  class space    used 2187K, capacity 2328K, committed 2432K, reserved 1048576K
}

Deoptimization events (10 events):
Event: 2.500 Thread 0x000000001aef3800 Uncommon trap: reason=class_check action=maybe_recompile pc=0x0000000002b524b4 method=java.util.HashMap.putVal(ILjava/lang/Object;Ljava/lang/Object;ZZ)Ljava/lang/Object; @ 203
Event: 2.500 Thread 0x000000001aef3800 Uncommon trap: reason=bimorphic action=maybe_recompile pc=0x0000000002b521e0 method=java.util.HashMap.putVal(ILjava/lang/Object;Ljava/lang/Object;ZZ)Ljava/lang/Object; @ 253
Event: 2.500 Thread 0x000000001aef3800 Uncommon trap: reason=bimorphic action=maybe_recompile pc=0x0000000002b521e0 method=java.util.HashMap.putVal(ILjava/lang/Object;Ljava/lang/Object;ZZ)Ljava/lang/Object; @ 253
Event: 2.500 Thread 0x000000001aef3800 Uncommon trap: reason=bimorphic action=maybe_recompile pc=0x0000000002b521e0 method=java.util.HashMap.putVal(ILjava/lang/Object;Ljava/lang/Object;ZZ)Ljava/lang/Object; @ 253
Event: 2.500 Thread 0x000000001aef3800 Uncommon trap: reason=bimorphic action=maybe_recompile pc=0x0000000002b521e0 method=java.util.HashMap.putVal(ILjava/lang/Object;Ljava/lang/Object;ZZ)Ljava/lang/Object; @ 253
Event: 2.685 Thread 0x000000001aef3800 Uncommon trap: reason=class_check action=maybe_recompile pc=0x0000000002b8aadc method=java.util.regex.Matcher.match(II)Z @ 86
Event: 2.697 Thread 0x000000001aef3800 Uncommon trap: reason=class_check action=maybe_recompile pc=0x0000000002b8aadc method=java.util.regex.Matcher.match(II)Z @ 86
Event: 2.698 Thread 0x000000001aef3800 Uncommon trap: reason=class_check action=maybe_recompile pc=0x0000000002b8aadc method=java.util.regex.Matcher.match(II)Z @ 86
Event: 2.698 Thread 0x000000001aef3800 Uncommon trap: reason=class_check action=maybe_recompile pc=0x0000000002b4c648 method=java.util.regex.Matcher.match(II)Z @ 86
Event: 2.896 Thread 0x000000001aef3800 Uncommon trap: reason=unstable_if action=reinterpret pc=0x0000000002c6fa7c method=java.lang.String.lastIndexOf([CII[CIII)I @ 66

Classes redefined (0 events):
No events

Internal exceptions (10 events):
Event: 2.439 Thread 0x000000001b5eb800 Exception <a 'java/lang/NoSuchMethodError': <clinit>> (0x00000000e0f50898) thrown at [D:\src\AOSP-openjdk-cygwin\jdk8u\hotspot\src\share\vm\prims\jni.cpp, line 1614]
Event: 2.441 Thread 0x000000001b5eb800 Exception <a 'java/lang/NoSuchMethodError': <clinit>> (0x00000000e0f65790) thrown at [D:\src\AOSP-openjdk-cygwin\jdk8u\hotspot\src\share\vm\prims\jni.cpp, line 1614]
Event: 2.444 Thread 0x000000001b5eb800 Exception <a 'java/lang/NoSuchMethodError': <clinit>> (0x00000000e0f78950) thrown at [D:\src\AOSP-openjdk-cygwin\jdk8u\hotspot\src\share\vm\prims\jni.cpp, line 1614]
Event: 2.447 Thread 0x000000001b5eb800 Exception <a 'java/lang/NoSuchMethodError': <clinit>> (0x00000000e0f9fda8) thrown at [D:\src\AOSP-openjdk-cygwin\jdk8u\hotspot\src\share\vm\prims\jni.cpp, line 1614]
Event: 2.448 Thread 0x000000001b5eb800 Exception <a 'java/lang/NoSuchMethodError': <clinit>> (0x00000000e0fb7e88) thrown at [D:\src\AOSP-openjdk-cygwin\jdk8u\hotspot\src\share\vm\prims\jni.cpp, line 1614]
Event: 2.449 Thread 0x000000001b5eb800 Exception <a 'java/lang/NoSuchMethodError': <clinit>> (0x00000000e0fc0b18) thrown at [D:\src\AOSP-openjdk-cygwin\jdk8u\hotspot\src\share\vm\prims\jni.cpp, line 1614]
Event: 2.451 Thread 0x000000001b5eb800 Exception <a 'java/lang/NoSuchMethodError': <clinit>> (0x00000000e0fd71c8) thrown at [D:\src\AOSP-openjdk-cygwin\jdk8u\hotspot\src\share\vm\prims\jni.cpp, line 1614]
Event: 2.463 Thread 0x000000001b5eb800 Exception <a 'java/lang/NoSuchMethodError': <clinit>> (0x00000000e103e4a0) thrown at [D:\src\AOSP-openjdk-cygwin\jdk8u\hotspot\src\share\vm\prims\jni.cpp, line 1614]
Event: 2.466 Thread 0x000000001b5eb800 Exception <a 'java/lang/NoSuchMethodError': <clinit>> (0x00000000e106adb0) thrown at [D:\src\AOSP-openjdk-cygwin\jdk8u\hotspot\src\share\vm\prims\jni.cpp, line 1614]
Event: 2.468 Thread 0x000000001b5eb800 Exception <a 'java/lang/NoSuchMethodError': <clinit>> (0x00000000e1087820) thrown at [D:\src\AOSP-openjdk-cygwin\jdk8u\hotspot\src\share\vm\prims\jni.cpp, line 1614]

Events (10 events):
Event: 3.133 loading class org/gradle/internal/resource/local/LocallyAvailableResource
Event: 3.133 loading class org/gradle/internal/resource/local/LocallyAvailableResource done
Event: 3.133 loading class org/gradle/internal/resource/Resource
Event: 3.133 loading class org/gradle/internal/resource/Resource done
Event: 3.134 loading class org/gradle/api/internal/file/collections/MinimalFileTree
Event: 3.134 loading class org/gradle/api/internal/file/collections/MinimalFileTree done
Event: 3.134 loading class org/gradle/api/internal/file/collections/MinimalFileCollection
Event: 3.134 loading class org/gradle/api/internal/file/collections/MinimalFileCollection done
Event: 3.134 loading class org/gradle/api/internal/artifacts/ivyservice/DefaultArtifactCacheLockingManager
Event: 3.134 loading class org/gradle/api/internal/artifacts/ivyservice/DefaultArtifactCacheLockingManager done


Dynamic libraries:
0x00007ff6f6e80000 - 0x00007ff6f6eb1000 	C:\Program Files\Android\Android Studio\jre\bin\java.exe
0x00007ffa3c8a0000 - 0x00007ffa3ca90000 	C:\WINDOWS\SYSTEM32\ntdll.dll
0x00007ffa3c7a0000 - 0x00007ffa3c852000 	C:\WINDOWS\System32\KERNEL32.DLL
0x00007ffa39830000 - 0x00007ffa39ad3000 	C:\WINDOWS\System32\KERNELBASE.dll
0x00007ffa3bab0000 - 0x00007ffa3bb53000 	C:\WINDOWS\System32\ADVAPI32.dll
0x00007ffa3ae50000 - 0x00007ffa3aeee000 	C:\WINDOWS\System32\msvcrt.dll
0x00007ffa3ab00000 - 0x00007ffa3ab97000 	C:\WINDOWS\System32\sechost.dll
0x00007ffa3b990000 - 0x00007ffa3bab0000 	C:\WINDOWS\System32\RPCRT4.dll
0x00007ffa3b790000 - 0x00007ffa3b924000 	C:\WINDOWS\System32\USER32.dll
0x00007ffa39fe0000 - 0x00007ffa3a001000 	C:\WINDOWS\System32\win32u.dll
0x00007ffa3b600000 - 0x00007ffa3b626000 	C:\WINDOWS\System32\GDI32.dll
0x00007ffa39c70000 - 0x00007ffa39e04000 	C:\WINDOWS\System32\gdi32full.dll
0x00007ffa39e10000 - 0x00007ffa39eae000 	C:\WINDOWS\System32\msvcp_win.dll
0x00007ffa39ae0000 - 0x00007ffa39bda000 	C:\WINDOWS\System32\ucrtbase.dll
0x00007ffa2b580000 - 0x00007ffa2b805000 	C:\WINDOWS\WinSxS\amd64_microsoft.windows.common-controls_6595b64144ccf1df_6.0.18362.476_none_e6c4b11b130f2595\COMCTL32.dll
0x00007ffa3b0a0000 - 0x00007ffa3b3d6000 	C:\WINDOWS\System32\combase.dll
0x00007ffa39eb0000 - 0x00007ffa39f30000 	C:\WINDOWS\System32\bcryptPrimitives.dll
0x00007ffa3c300000 - 0x00007ffa3c32e000 	C:\WINDOWS\System32\IMM32.DLL
0x0000000050230000 - 0x0000000050302000 	C:\Program Files\Android\Android Studio\jre\jre\bin\msvcr100.dll
0x0000000051370000 - 0x0000000051bb6000 	C:\Program Files\Android\Android Studio\jre\jre\bin\server\jvm.dll
0x00007ffa3ace0000 - 0x00007ffa3ace8000 	C:\WINDOWS\System32\PSAPI.DLL
0x00007ff9ff5a0000 - 0x00007ff9ff5a9000 	C:\WINDOWS\SYSTEM32\WSOCK32.dll
0x00007ffa3b630000 - 0x00007ffa3b69f000 	C:\WINDOWS\System32\WS2_32.dll
0x00007ffa37400000 - 0x00007ffa37424000 	C:\WINDOWS\SYSTEM32\WINMM.dll
0x00007ffa38280000 - 0x00007ffa3828a000 	C:\WINDOWS\SYSTEM32\VERSION.dll
0x00007ffa372f0000 - 0x00007ffa3731d000 	C:\WINDOWS\SYSTEM32\WINMMBASE.dll
0x00007ffa3a010000 - 0x00007ffa3a05a000 	C:\WINDOWS\System32\cfgmgr32.dll
0x00007ff9f5390000 - 0x00007ff9f539f000 	C:\Program Files\Android\Android Studio\jre\jre\bin\verify.dll
0x00007ff9ed5f0000 - 0x00007ff9ed619000 	C:\Program Files\Android\Android Studio\jre\jre\bin\java.dll
0x00007ff9ed5d0000 - 0x00007ff9ed5e6000 	C:\Program Files\Android\Android Studio\jre\jre\bin\zip.dll
0x00007ffa3bc10000 - 0x00007ffa3c2f5000 	C:\WINDOWS\System32\SHELL32.dll
0x00007ffa3b3e0000 - 0x00007ffa3b489000 	C:\WINDOWS\System32\shcore.dll
0x00007ffa3a1b0000 - 0x00007ffa3a92e000 	C:\WINDOWS\System32\windows.storage.dll
0x00007ffa397c0000 - 0x00007ffa397df000 	C:\WINDOWS\System32\profapi.dll
0x00007ffa397e0000 - 0x00007ffa3982a000 	C:\WINDOWS\System32\powrprof.dll
0x00007ffa39770000 - 0x00007ffa39780000 	C:\WINDOWS\System32\UMPDC.dll
0x00007ffa3af70000 - 0x00007ffa3afc2000 	C:\WINDOWS\System32\shlwapi.dll
0x00007ffa397a0000 - 0x00007ffa397b1000 	C:\WINDOWS\System32\kernel.appcore.dll
0x00007ffa3a930000 - 0x00007ffa3a947000 	C:\WINDOWS\System32\cryptsp.dll
0x00007ff9ed4e0000 - 0x00007ff9ed4fa000 	C:\Program Files\Android\Android Studio\jre\jre\bin\net.dll
0x00007ffa38f80000 - 0x00007ffa38fe7000 	C:\WINDOWS\system32\mswsock.dll
0x00007ff9ed4c0000 - 0x00007ff9ed4d1000 	C:\Program Files\Android\Android Studio\jre\jre\bin\nio.dll
0x00007ffa35d10000 - 0x00007ffa35d36000 	C:\Users\Administator\.gradle\native\29\windows-amd64\native-platform.dll
0x00007ff9ed4b0000 - 0x00007ff9ed4bd000 	C:\Program Files\Android\Android Studio\jre\jre\bin\management.dll
0x00007ffa38af0000 - 0x00007ffa38b23000 	C:\WINDOWS\system32\rsaenh.dll
0x00007ffa39be0000 - 0x00007ffa39c06000 	C:\WINDOWS\System32\bcrypt.dll
0x00007ffa39660000 - 0x00007ffa39685000 	C:\WINDOWS\SYSTEM32\USERENV.dll
0x00007ffa391b0000 - 0x00007ffa391bc000 	C:\WINDOWS\SYSTEM32\CRYPTBASE.dll
0x00007ffa38c90000 - 0x00007ffa38cca000 	C:\WINDOWS\SYSTEM32\IPHLPAPI.DLL
0x00007ffa3b520000 - 0x00007ffa3b528000 	C:\WINDOWS\System32\NSI.dll
0x00007ffa333b0000 - 0x00007ffa333c6000 	C:\WINDOWS\SYSTEM32\dhcpcsvc6.DLL
0x00007ffa33c30000 - 0x00007ffa33c4c000 	C:\WINDOWS\SYSTEM32\dhcpcsvc.DLL
0x00007ffa38cd0000 - 0x00007ffa38d9a000 	C:\WINDOWS\SYSTEM32\DNSAPI.dll

VM Arguments:
jvm_args: -Xmx1536m -Dfile.encoding=windows-1252 -Duser.country=US -Duser.language=en -Duser.variant 
java_command: org.gradle.launcher.daemon.bootstrap.GradleDaemon 5.4.1
java_class_path (initial): C:\Users\Administator\.gradle\wrapper\dists\gradle-5.4.1-all\3221gyojl5jsh0helicew7rwx\gradle-5.4.1\lib\gradle-launcher-5.4.1.jar
Launcher Type: SUN_STANDARD

Environment Variables:
PATH=C:\WINDOWS\system32;C:\WINDOWS;C:\WINDOWS\System32\Wbem;C:\WINDOWS\System32\WindowsPowerShell\v1.0\;C:\WINDOWS\System32\OpenSSH\;C:\Program Files\Microsoft SQL Server\Client SDK\ODBC\130\Tools\Binn\;C:\Program Files (x86)\Microsoft SQL Server\140\Tools\Binn\;C:\Program Files\Microsoft SQL Server\140\Tools\Binn\;C:\Program Files\Microsoft SQL Server\140\DTS\Binn\;C:\Program Files\dotnet\;C:\Program Files\Microsoft SQL Server\130\Tools\Binn\;C:\Program Files\Microsoft SQL Server\Client SDK\ODBC\170\Tools\Binn\;C:\Users\Administator\AppData\Local\Microsoft\WindowsApps;
USERNAME=Administator
OS=Windows_NT
PROCESSOR_IDENTIFIER=AMD64 Family 23 Model 8 Stepping 2, AuthenticAMD



---------------  S Y S T E M  ---------------

OS: Windows 10.0 , 64 bit Build 18362 (10.0.18362.329)

CPU:total 12 (initial active 12) (12 cores per cpu, 1 threads per core) family 23 model 8 stepping 2, cmov, cx8, fxsr, mmx, sse, sse2, sse3, ssse3, sse4.1, sse4.2, popcnt, avx, avx2, aes, clmul, mmxext, 3dnowpref, lzcnt, sse4a, tsc, tscinvbit, tscinv, bmi1

Memory: 4k page, physical 16708368k(1858300k free), swap 32299788k(8008k free)

vm_info: OpenJDK 64-Bit Server VM (25.202-b03) for windows-amd64 JRE (1.8.0_202-release-1483-b03), built by "builder" with MS VC++ 10.0 (VS2010)

time: Sun Feb 02 17:30:11 2020
timezone: SE Asia Standard Time
elapsed time: 3 seconds (0d 0h 0m 3s)

