#
# There is insufficient memory for the Java Runtime Environment to continue.
# Native memory allocation (malloc) failed to allocate 1090896 bytes for Chunk::new
# Possible reasons:
#   The system is out of physical RAM or swap space
#   The process is running with CompressedOops enabled, and the Java Heap may be blocking the growth of the native heap
# Possible solutions:
#   Reduce memory load on the system
#   Increase physical memory or swap space
#   Check if swap backing store is full
#   Decrease Java heap size (-Xmx/-Xms)
#   Decrease number of Java threads
#   Decrease Java thread stack sizes (-Xss)
#   Set larger code cache with -XX:ReservedCodeCacheSize=
#   JVM is running with Unscaled Compressed Oops mode in which the Java heap is
#     placed in the first 4GB address space. The Java Heap base address is the
#     maximum limit for the native heap growth. Please use -XX:HeapBaseMinAddress
#     to set the Java Heap base and to place the Java Heap above 4GB virtual address.
# This output file may be truncated or incomplete.
#
#  Out of Memory Error (allocation.cpp:389), pid=1400, tid=0x0000000000002878
#
# JRE version: OpenJDK Runtime Environment (8.0_202-b03) (build 1.8.0_202-release-1483-b03)
# Java VM: OpenJDK 64-Bit Server VM (25.202-b03 mixed mode windows-amd64 compressed oops)
# Failed to write core dump. Minidumps are not enabled by default on client versions of Windows
#

---------------  T H R E A D  ---------------

Current thread (0x0000000017d37000):  JavaThread "C2 CompilerThread0" daemon [_thread_in_native, id=10360, stack(0x00000000193a0000,0x00000000194a0000)]

Stack: [0x00000000193a0000,0x00000000194a0000]
[error occurred during error reporting (printing stack bounds), id 0xc0000005]

Native frames: (J=compiled Java code, j=interpreted, Vv=VM code, C=native code)


Current CompileTask:
C2:  11887 4577   !   4       java.net.URLClassLoader$1::run (63 bytes)


---------------  P R O C E S S  ---------------

Java Threads: ( => current thread )
  0x00000000199c6800 JavaThread "Cache worker for Build Output Cleanup Cache (F:\file\likelab\.gradle\buildOutputCleanup)" [_thread_blocked, id=848, stack(0x0000000023030000,0x0000000023130000)]
  0x00000000199be000 JavaThread "Build operations Thread 12" [_thread_blocked, id=2784, stack(0x0000000022830000,0x0000000022930000)]
  0x00000000199c5000 JavaThread "Build operations Thread 11" [_thread_blocked, id=4944, stack(0x0000000022730000,0x0000000022830000)]
  0x00000000199c4000 JavaThread "Build operations Thread 10" [_thread_blocked, id=13068, stack(0x0000000022630000,0x0000000022730000)]
  0x00000000199c2800 JavaThread "Build operations Thread 9" [_thread_blocked, id=11556, stack(0x0000000022530000,0x0000000022630000)]
  0x00000000199c0000 JavaThread "Build operations Thread 8" [_thread_blocked, id=15620, stack(0x0000000022430000,0x0000000022530000)]
  0x00000000199c2000 JavaThread "Build operations Thread 7" [_thread_blocked, id=3996, stack(0x0000000022330000,0x0000000022430000)]
  0x00000000199c3800 JavaThread "Build operations Thread 6" [_thread_blocked, id=2320, stack(0x0000000022230000,0x0000000022330000)]
  0x00000000199bb800 JavaThread "Build operations Thread 5" [_thread_blocked, id=3256, stack(0x0000000022130000,0x0000000022230000)]
  0x00000000199bd000 JavaThread "Build operations Thread 4" [_thread_blocked, id=13852, stack(0x0000000022030000,0x0000000022130000)]
  0x00000000199bb000 JavaThread "Build operations Thread 3" [_thread_blocked, id=7376, stack(0x0000000021f30000,0x0000000022030000)]
  0x00000000199ba000 JavaThread "Build operations Thread 2" [_thread_blocked, id=14536, stack(0x0000000021e30000,0x0000000021f30000)]
  0x00000000199c1000 JavaThread "Build operations" [_thread_blocked, id=7316, stack(0x0000000021d30000,0x0000000021e30000)]
  0x00000000199b9800 JavaThread "Cache worker for execution history cache (C:\Users\Administator\.gradle\caches\5.4.1\executionHistory)" [_thread_blocked, id=12064, stack(0x0000000021a30000,0x0000000021b30000)]
  0x00000000199bc800 JavaThread "Cache worker for cache directory md-rule (C:\Users\Administator\.gradle\caches\5.4.1\md-rule)" [_thread_blocked, id=6564, stack(0x0000000021730000,0x0000000021830000)]
  0x00000000199be800 JavaThread "Cache worker for cache directory md-supplier (C:\Users\Administator\.gradle\caches\5.4.1\md-supplier)" [_thread_blocked, id=11032, stack(0x0000000021630000,0x0000000021730000)]
  0x000000001a898800 JavaThread "Cache worker for file hash cache (F:\file\likelab\.gradle\5.4.1\fileHashes)" [_thread_blocked, id=3488, stack(0x000000001fb60000,0x000000001fc60000)]
  0x000000001a892800 JavaThread "File lock release action executor" [_thread_blocked, id=12376, stack(0x000000001d8c0000,0x000000001d9c0000)]
  0x000000001a891800 JavaThread "Cache worker for journal cache (C:\Users\Administator\.gradle\caches\journal-1)" [_thread_blocked, id=8760, stack(0x000000001d5c0000,0x000000001d6c0000)]
  0x000000001a894000 JavaThread "File lock request listener" [_thread_in_native, id=2808, stack(0x000000001d4c0000,0x000000001d5c0000)]
  0x000000001b037000 JavaThread "Cache worker for file hash cache (C:\Users\Administator\.gradle\caches\5.4.1\fileHashes)" [_thread_blocked, id=360, stack(0x000000001d3c0000,0x000000001d4c0000)]
  0x000000001b4d4800 JavaThread "Thread-9" [_thread_blocked, id=12316, stack(0x000000001d2c0000,0x000000001d3c0000)]
  0x000000001b4dd800 JavaThread "Stdin handler" [_thread_blocked, id=11296, stack(0x000000001d1c0000,0x000000001d2c0000)]
  0x000000001b4e3800 JavaThread "Asynchronous log dispatcher for DefaultDaemonConnection: socket connection from /127.0.0.1:50310 to /127.0.0.1:50311" [_thread_blocked, id=11456, stack(0x000000001d0c0000,0x000000001d1c0000)]
  0x000000001b1db000 JavaThread "Daemon worker" [_thread_in_native, id=7600, stack(0x000000001cfc0000,0x000000001d0c0000)]
  0x000000001b1de800 JavaThread "Cancel handler" [_thread_blocked, id=2244, stack(0x000000001cec0000,0x000000001cfc0000)]
  0x000000001a5d6800 JavaThread "Handler for socket connection from /127.0.0.1:50310 to /127.0.0.1:50311" [_thread_in_native, id=11928, stack(0x000000001cbc0000,0x000000001ccc0000)]
  0x000000001a5d1800 JavaThread "Daemon" [_thread_blocked, id=11948, stack(0x000000001cac0000,0x000000001cbc0000)]
  0x000000001acf8000 JavaThread "Daemon periodic checks" [_thread_blocked, id=14008, stack(0x000000001c9c0000,0x000000001cac0000)]
  0x000000001abc5800 JavaThread "Incoming local TCP Connector on port 50310" [_thread_in_native, id=8812, stack(0x000000001c780000,0x000000001c880000)]
  0x000000001aa2b800 JavaThread "Daemon health stats" [_thread_blocked, id=8588, stack(0x000000001c140000,0x000000001c240000)]
  0x0000000017dc9800 JavaThread "Service Thread" daemon [_thread_blocked, id=1352, stack(0x00000000197a0000,0x00000000198a0000)]
  0x0000000017d8d000 JavaThread "C1 CompilerThread3" daemon [_thread_blocked, id=3068, stack(0x00000000196a0000,0x00000000197a0000)]
  0x0000000017d88000 JavaThread "C2 CompilerThread2" daemon [_thread_blocked, id=6844, stack(0x00000000195a0000,0x00000000196a0000)]
  0x0000000017d3d800 JavaThread "C2 CompilerThread1" daemon [_thread_in_native, id=13524, stack(0x00000000194a0000,0x00000000195a0000)]
=>0x0000000017d37000 JavaThread "C2 CompilerThread0" daemon [_thread_in_native, id=10360, stack(0x00000000193a0000,0x00000000194a0000)]
  0x0000000017d35800 JavaThread "Attach Listener" daemon [_thread_blocked, id=14168, stack(0x00000000192a0000,0x00000000193a0000)]
  0x0000000017d34800 JavaThread "Signal Dispatcher" daemon [_thread_blocked, id=14880, stack(0x00000000191a0000,0x00000000192a0000)]
  0x0000000016641800 JavaThread "Finalizer" daemon [_thread_blocked, id=13492, stack(0x0000000018f80000,0x0000000019080000)]
  0x0000000017d23000 JavaThread "Reference Handler" daemon [_thread_blocked, id=9080, stack(0x0000000018e80000,0x0000000018f80000)]
  0x0000000000c5e000 JavaThread "main" [_thread_blocked, id=14036, stack(0x0000000002480000,0x0000000002580000)]

Other Threads:
  0x0000000016635800 VMThread [stack: 0x0000000018d80000,0x0000000018e80000] [id=11224]
  0x0000000017dca000 WatcherThread [stack: 0x00000000198a0000,0x00000000199a0000] [id=7960]

VM state:not at safepoint (normal execution)

VM Mutex/Monitor currently owned by a thread: None

heap address: 0x00000000a0000000, size: 1536 MB, Compressed Oops mode: 32-bit
Narrow klass base: 0x0000000000000000, Narrow klass shift: 3
Compressed class space size: 1073741824 Address: 0x0000000100000000

Heap:
 PSYoungGen      total 180224K, used 37859K [0x00000000e0000000, 0x00000000f1480000, 0x0000000100000000)
  eden space 166400K, 14% used [0x00000000e0000000,0x00000000e177e340,0x00000000ea280000)
  from space 13824K, 99% used [0x00000000ea280000,0x00000000eaffac70,0x00000000eb000000)
  to   space 17920K, 0% used [0x00000000f0300000,0x00000000f0300000,0x00000000f1480000)
 ParOldGen       total 149504K, used 22620K [0x00000000a0000000, 0x00000000a9200000, 0x00000000e0000000)
  object space 149504K, 15% used [0x00000000a0000000,0x00000000a16170f0,0x00000000a9200000)
 Metaspace       used 49669K, capacity 50908K, committed 51032K, reserved 1093632K
  class space    used 6684K, capacity 7011K, committed 7040K, reserved 1048576K

Card table byte_map: [0x0000000011a40000,0x0000000011d50000] byte_map_base: 0x0000000011540000

Marking Bits: (ParMarkBitMap*) 0x0000000051b39f30
 Begin Bits: [0x0000000012950000, 0x0000000014150000)
 End Bits:   [0x0000000014150000, 0x0000000015950000)

Polling page: 0x0000000000620000

CodeCache: size=245760Kb used=14183Kb max_used=14231Kb free=231576Kb
 bounds [0x0000000002680000, 0x0000000003480000, 0x0000000011680000]
 total_blobs=4903 nmethods=4140 adapters=677
 compilation: enabled

Compilation events (10 events):
Event: 11.723 Thread 0x0000000017d8d000 nmethod 4573 0x0000000003004e50 code [0x0000000003004fc0, 0x00000000030051e8]
Event: 11.732 Thread 0x0000000017d8d000 4574       3       kotlin.reflect.jvm.internal.ReflectProperties::lazySoft (10 bytes)
Event: 11.733 Thread 0x0000000017d8d000 nmethod 4574 0x00000000030043d0 code [0x0000000003004580, 0x0000000003004b68]
Event: 11.733 Thread 0x0000000017d8d000 4575       3       kotlin.reflect.jvm.internal.ReflectProperties$LazySoftVal::<init> (35 bytes)
Event: 11.733 Thread 0x0000000017d8d000 nmethod 4575 0x0000000003003990 code [0x0000000003003b40, 0x0000000003004150]
Event: 11.768 Thread 0x0000000017d3d800 4576       4       java.net.URLClassLoader$1::run (5 bytes)
Event: 11.771 Thread 0x0000000017d37000 4577   !   4       java.net.URLClassLoader$1::run (63 bytes)
Event: 11.794 Thread 0x0000000017d88000 nmethod 4279% 0x000000000345b750 code [0x000000000345c6a0, 0x0000000003465dc8]
Event: 11.794 Thread 0x0000000017d88000 4578       4       java.lang.ClassLoader::compareCerts (149 bytes)
Event: 11.798 Thread 0x0000000017d88000 nmethod 4578 0x000000000345b090 code [0x000000000345b200, 0x000000000345b538]

GC Heap History (10 events):
Event: 6.005 GC heap before
{Heap before GC invocations=5 (full 1):
 PSYoungGen      total 76288K, used 65536K [0x00000000e0000000, 0x00000000e9500000, 0x0000000100000000)
  eden space 65536K, 100% used [0x00000000e0000000,0x00000000e4000000,0x00000000e4000000)
  from space 10752K, 0% used [0x00000000e4000000,0x00000000e4000000,0x00000000e4a80000)
  to   space 10752K, 0% used [0x00000000e8a80000,0x00000000e8a80000,0x00000000e9500000)
 ParOldGen       total 101376K, used 11185K [0x00000000a0000000, 0x00000000a6300000, 0x00000000e0000000)
  object space 101376K, 11% used [0x00000000a0000000,0x00000000a0aec610,0x00000000a6300000)
 Metaspace       used 28600K, capacity 29044K, committed 29440K, reserved 1075200K
  class space    used 3853K, capacity 4011K, committed 4096K, reserved 1048576K
Event: 6.017 GC heap after
Heap after GC invocations=5 (full 1):
 PSYoungGen      total 112640K, used 7664K [0x00000000e0000000, 0x00000000e9200000, 0x0000000100000000)
  eden space 104960K, 0% used [0x00000000e0000000,0x00000000e0000000,0x00000000e6680000)
  from space 7680K, 99% used [0x00000000e8a80000,0x00000000e91fc210,0x00000000e9200000)
  to   space 10752K, 0% used [0x00000000e7d00000,0x00000000e7d00000,0x00000000e8780000)
 ParOldGen       total 101376K, used 11193K [0x00000000a0000000, 0x00000000a6300000, 0x00000000e0000000)
  object space 101376K, 11% used [0x00000000a0000000,0x00000000a0aee610,0x00000000a6300000)
 Metaspace       used 28600K, capacity 29044K, committed 29440K, reserved 1075200K
  class space    used 3853K, capacity 4011K, committed 4096K, reserved 1048576K
}
Event: 7.180 GC heap before
{Heap before GC invocations=6 (full 1):
 PSYoungGen      total 112640K, used 112624K [0x00000000e0000000, 0x00000000e9200000, 0x0000000100000000)
  eden space 104960K, 100% used [0x00000000e0000000,0x00000000e6680000,0x00000000e6680000)
  from space 7680K, 99% used [0x00000000e8a80000,0x00000000e91fc210,0x00000000e9200000)
  to   space 10752K, 0% used [0x00000000e7d00000,0x00000000e7d00000,0x00000000e8780000)
 ParOldGen       total 101376K, used 11193K [0x00000000a0000000, 0x00000000a6300000, 0x00000000e0000000)
  object space 101376K, 11% used [0x00000000a0000000,0x00000000a0aee610,0x00000000a6300000)
 Metaspace       used 33759K, capacity 34372K, committed 34560K, reserved 1079296K
  class space    used 4630K, capacity 4815K, committed 4864K, reserved 1048576K
Event: 7.199 GC heap after
Heap after GC invocations=6 (full 1):
 PSYoungGen      total 138752K, used 10737K [0x00000000e0000000, 0x00000000ebe00000, 0x0000000100000000)
  eden space 128000K, 0% used [0x00000000e0000000,0x00000000e0000000,0x00000000e7d00000)
  from space 10752K, 99% used [0x00000000e7d00000,0x00000000e877c5d0,0x00000000e8780000)
  to   space 14336K, 0% used [0x00000000eb000000,0x00000000eb000000,0x00000000ebe00000)
 ParOldGen       total 101376K, used 12344K [0x00000000a0000000, 0x00000000a6300000, 0x00000000e0000000)
  object space 101376K, 12% used [0x00000000a0000000,0x00000000a0c0e288,0x00000000a6300000)
 Metaspace       used 33759K, capacity 34372K, committed 34560K, reserved 1079296K
  class space    used 4630K, capacity 4815K, committed 4864K, reserved 1048576K
}
Event: 7.577 GC heap before
{Heap before GC invocations=7 (full 1):
 PSYoungGen      total 138752K, used 39831K [0x00000000e0000000, 0x00000000ebe00000, 0x0000000100000000)
  eden space 128000K, 22% used [0x00000000e0000000,0x00000000e1c698a8,0x00000000e7d00000)
  from space 10752K, 99% used [0x00000000e7d00000,0x00000000e877c5d0,0x00000000e8780000)
  to   space 14336K, 0% used [0x00000000eb000000,0x00000000eb000000,0x00000000ebe00000)
 ParOldGen       total 101376K, used 12344K [0x00000000a0000000, 0x00000000a6300000, 0x00000000e0000000)
  object space 101376K, 12% used [0x00000000a0000000,0x00000000a0c0e288,0x00000000a6300000)
 Metaspace       used 34503K, capacity 35272K, committed 35416K, reserved 1079296K
  class space    used 4742K, capacity 4965K, committed 4992K, reserved 1048576K
Event: 7.588 GC heap after
Heap after GC invocations=7 (full 1):
 PSYoungGen      total 180736K, used 9910K [0x00000000e0000000, 0x00000000ee180000, 0x0000000100000000)
  eden space 166400K, 0% used [0x00000000e0000000,0x00000000e0000000,0x00000000ea280000)
  from space 14336K, 69% used [0x00000000eb000000,0x00000000eb9ad908,0x00000000ebe00000)
  to   space 13824K, 0% used [0x00000000ea280000,0x00000000ea280000,0x00000000eb000000)
 ParOldGen       total 101376K, used 12352K [0x00000000a0000000, 0x00000000a6300000, 0x00000000e0000000)
  object space 101376K, 12% used [0x00000000a0000000,0x00000000a0c10288,0x00000000a6300000)
 Metaspace       used 34503K, capacity 35272K, committed 35416K, reserved 1079296K
  class space    used 4742K, capacity 4965K, committed 4992K, reserved 1048576K
}
Event: 7.588 GC heap before
{Heap before GC invocations=8 (full 2):
 PSYoungGen      total 180736K, used 9910K [0x00000000e0000000, 0x00000000ee180000, 0x0000000100000000)
  eden space 166400K, 0% used [0x00000000e0000000,0x00000000e0000000,0x00000000ea280000)
  from space 14336K, 69% used [0x00000000eb000000,0x00000000eb9ad908,0x00000000ebe00000)
  to   space 13824K, 0% used [0x00000000ea280000,0x00000000ea280000,0x00000000eb000000)
 ParOldGen       total 101376K, used 12352K [0x00000000a0000000, 0x00000000a6300000, 0x00000000e0000000)
  object space 101376K, 12% used [0x00000000a0000000,0x00000000a0c10288,0x00000000a6300000)
 Metaspace       used 34503K, capacity 35272K, committed 35416K, reserved 1079296K
  class space    used 4742K, capacity 4965K, committed 4992K, reserved 1048576K
Event: 7.661 GC heap after
Heap after GC invocations=8 (full 2):
 PSYoungGen      total 180736K, used 0K [0x00000000e0000000, 0x00000000ee180000, 0x0000000100000000)
  eden space 166400K, 0% used [0x00000000e0000000,0x00000000e0000000,0x00000000ea280000)
  from space 14336K, 0% used [0x00000000eb000000,0x00000000eb000000,0x00000000ebe00000)
  to   space 13824K, 0% used [0x00000000ea280000,0x00000000ea280000,0x00000000eb000000)
 ParOldGen       total 149504K, used 17546K [0x00000000a0000000, 0x00000000a9200000, 0x00000000e0000000)
  object space 149504K, 11% used [0x00000000a0000000,0x00000000a1122a68,0x00000000a9200000)
 Metaspace       used 34503K, capacity 35272K, committed 35416K, reserved 1079296K
  class space    used 4742K, capacity 4965K, committed 4992K, reserved 1048576K
}
Event: 11.018 GC heap before
{Heap before GC invocations=9 (full 2):
 PSYoungGen      total 180736K, used 166400K [0x00000000e0000000, 0x00000000ee180000, 0x0000000100000000)
  eden space 166400K, 100% used [0x00000000e0000000,0x00000000ea280000,0x00000000ea280000)
  from space 14336K, 0% used [0x00000000eb000000,0x00000000eb000000,0x00000000ebe00000)
  to   space 13824K, 0% used [0x00000000ea280000,0x00000000ea280000,0x00000000eb000000)
 ParOldGen       total 149504K, used 17546K [0x00000000a0000000, 0x00000000a9200000, 0x00000000e0000000)
  object space 149504K, 11% used [0x00000000a0000000,0x00000000a1122a68,0x00000000a9200000)
 Metaspace       used 46888K, capacity 47994K, committed 48344K, reserved 1091584K
  class space    used 6295K, capacity 6590K, committed 6656K, reserved 1048576K
Event: 11.039 GC heap after
Heap after GC invocations=9 (full 2):
 PSYoungGen      total 180224K, used 13803K [0x00000000e0000000, 0x00000000f1480000, 0x0000000100000000)
  eden space 166400K, 0% used [0x00000000e0000000,0x00000000e0000000,0x00000000ea280000)
  from space 13824K, 99% used [0x00000000ea280000,0x00000000eaffac70,0x00000000eb000000)
  to   space 17920K, 0% used [0x00000000f0300000,0x00000000f0300000,0x00000000f1480000)
 ParOldGen       total 149504K, used 22620K [0x00000000a0000000, 0x00000000a9200000, 0x00000000e0000000)
  object space 149504K, 15% used [0x00000000a0000000,0x00000000a16170f0,0x00000000a9200000)
 Metaspace       used 46888K, capacity 47994K, committed 48344K, reserved 1091584K
  class space    used 6295K, capacity 6590K, committed 6656K, reserved 1048576K
}

Deoptimization events (10 events):
Event: 10.400 Thread 0x000000001b1db000 Uncommon trap: reason=unstable_if action=reinterpret pc=0x0000000003394488 method=org.codehaus.groovy.runtime.metaclass.MetaMethodIndex.addMethodToList(Ljava/lang/Object;Lgroovy/lang/MetaMethod;)Ljava/lang/Object; @ 256
Event: 10.462 Thread 0x000000001b1db000 Uncommon trap: reason=unstable_if action=reinterpret pc=0x0000000003263f60 method=java.lang.ClassLoader.checkCerts(Ljava/lang/String;Ljava/security/CodeSource;)V @ 29
Event: 10.463 Thread 0x000000001b1db000 Uncommon trap: reason=unstable_if action=reinterpret pc=0x0000000003249f14 method=java.lang.ClassLoader.postDefineClass(Ljava/lang/Class;Ljava/security/ProtectionDomain;)V @ 4
Event: 10.500 Thread 0x000000001b1db000 Uncommon trap: reason=class_check action=maybe_recompile pc=0x0000000002cdb300 method=java.lang.Throwable.<init>(Ljava/lang/String;Ljava/lang/Throwable;)V @ 24
Event: 10.502 Thread 0x000000001b1db000 Uncommon trap: reason=unstable_if action=reinterpret pc=0x0000000002ad94f0 method=org.gradle.internal.logging.text.AbstractLineChoppingStyledTextOutput$2.execute(Lorg/gradle/internal/logging/text/AbstractLineChoppingStyledTextOutput$StateContext;)V @ 30
Event: 10.533 Thread 0x000000001b1db000 Uncommon trap: reason=bimorphic action=maybe_recompile pc=0x0000000003209ee0 method=java.util.Arrays.binarySearch0([Ljava/lang/Object;IILjava/lang/Object;Ljava/util/Comparator;)I @ 48
Event: 10.533 Thread 0x000000001b1db000 Uncommon trap: reason=bimorphic action=maybe_recompile pc=0x0000000003209ee0 method=java.util.Arrays.binarySearch0([Ljava/lang/Object;IILjava/lang/Object;Ljava/util/Comparator;)I @ 48
Event: 10.533 Thread 0x000000001b1db000 Uncommon trap: reason=bimorphic action=maybe_recompile pc=0x0000000003209ee0 method=java.util.Arrays.binarySearch0([Ljava/lang/Object;IILjava/lang/Object;Ljava/util/Comparator;)I @ 48
Event: 10.533 Thread 0x000000001b1db000 Uncommon trap: reason=bimorphic action=maybe_recompile pc=0x0000000003209ee0 method=java.util.Arrays.binarySearch0([Ljava/lang/Object;IILjava/lang/Object;Ljava/util/Comparator;)I @ 48
Event: 11.016 Thread 0x000000001b1db000 Uncommon trap: reason=unstable_if action=reinterpret pc=0x00000000032222b4 method=org.gradle.internal.instantiation.AbstractClassGenerator$InjectionAnnotationValidator.validateMethod(Ljava/lang/reflect/Method;Lorg/gradle/internal/reflect/PropertyAccessorT

Classes redefined (0 events):
No events

Internal exceptions (10 events):
Event: 10.760 Thread 0x000000001b1db000 Exception <a 'java/lang/ClassNotFoundException': org/gradle/api/plugins/BasePluginConventionCustomizer> (0x00000000e9c77e58) thrown at [D:\src\AOSP-openjdk-cygwin\jdk8u\hotspot\src\share\vm\classfile\systemDictionary.cpp, line 210]
Event: 10.765 Thread 0x000000001b1db000 Exception <a 'java/lang/ClassNotFoundException': org/gradle/api/plugins/internal/DefaultBasePluginConventionCustomizer> (0x00000000e9cddf28) thrown at [D:\src\AOSP-openjdk-cygwin\jdk8u\hotspot\src\share\vm\classfile\systemDictionary.cpp, line 210]
Event: 10.774 Thread 0x000000001b1db000 Exception <a 'java/lang/ClassNotFoundException': org/gradle/api/plugins/internal/DefaultJavaPluginConventionBeanInfo> (0x00000000e9d7c960) thrown at [D:\src\AOSP-openjdk-cygwin\jdk8u\hotspot\src\share\vm\classfile\systemDictionary.cpp, line 210]
Event: 10.775 Thread 0x000000001b1db000 Exception <a 'java/lang/ClassNotFoundException': org/gradle/api/plugins/JavaPluginConventionBeanInfo> (0x00000000e9dc1a60) thrown at [D:\src\AOSP-openjdk-cygwin\jdk8u\hotspot\src\share\vm\classfile\systemDictionary.cpp, line 210]
Event: 10.788 Thread 0x000000001b1db000 Exception <a 'java/lang/ClassNotFoundException': org/gradle/api/plugins/JavaPluginConventionCustomizer> (0x00000000e9e07d80) thrown at [D:\src\AOSP-openjdk-cygwin\jdk8u\hotspot\src\share\vm\classfile\systemDictionary.cpp, line 210]
Event: 10.812 Thread 0x000000001b1db000 Exception <a 'java/lang/ClassNotFoundException': org/gradle/api/plugins/internal/DefaultJavaPluginConventionCustomizer> (0x00000000e9e795e0) thrown at [D:\src\AOSP-openjdk-cygwin\jdk8u\hotspot\src\share\vm\classfile\systemDictionary.cpp, line 210]
Event: 11.499 Thread 0x000000001b1db000 Exception <a 'java/lang/NoSuchMethodError': java.lang.Object.lambda$comparing$77a9974f$1(Ljava/util/function/Function;Ljava/lang/Object;Ljava/lang/Object;)I> (0x00000000e04d3278) thrown at [D:\src\AOSP-openjdk-cygwin\jdk8u\hotspot\src\share\vm\interpreter
Event: 11.500 Thread 0x000000001b1db000 Exception <a 'java/lang/NoSuchMethodError': java.lang.Object.lambda$comparingInt$7b0bb60$1(Ljava/util/function/ToIntFunction;Ljava/lang/Object;Ljava/lang/Object;)I> (0x00000000e04dd928) thrown at [D:\src\AOSP-openjdk-cygwin\jdk8u\hotspot\src\share\vm\inte
Event: 11.501 Thread 0x000000001b1db000 Exception <a 'java/lang/NoSuchMethodError': java.lang.Object.lambda$thenComparing$36697e65$1(Ljava/util/Comparator;Ljava/lang/Object;Ljava/lang/Object;)I> (0x00000000e04e64b0) thrown at [D:\src\AOSP-openjdk-cygwin\jdk8u\hotspot\src\share\vm\interpreter\li
Event: 11.502 Thread 0x000000001b1db000 Exception <a 'java/lang/NoSuchMethodError': java.lang.Object.lambda$comparing$ea9a8b3a$1(Ljava/util/Comparator;Ljava/util/function/Function;Ljava/lang/Object;Ljava/lang/Object;)I> (0x00000000e04f3f60) thrown at [D:\src\AOSP-openjdk-cygwin\jdk8u\hotspot\sr

Events (10 events):
Event: 11.865 loading class kotlin/reflect/jvm/internal/impl/protobuf/AbstractMessageLite$Builder$LimitedInputStream
Event: 11.865 loading class kotlin/reflect/jvm/internal/impl/protobuf/AbstractMessageLite$Builder$LimitedInputStream done
Event: 11.865 loading class kotlin/reflect/jvm/internal/impl/protobuf/FieldSet
Event: 11.865 loading class kotlin/reflect/jvm/internal/impl/protobuf/FieldSet done
Event: 11.868 loading class kotlin/reflect/jvm/internal/impl/protobuf/LazyFieldLite
Event: 11.868 loading class kotlin/reflect/jvm/internal/impl/protobuf/LazyFieldLite done
Event: 11.869 loading class kotlin/reflect/jvm/internal/impl/protobuf/LazyField
Event: 11.869 loading class kotlin/reflect/jvm/internal/impl/protobuf/LazyField done
Event: 11.870 loading class kotlin/reflect/jvm/internal/impl/protobuf/SmallSortedMap
Event: 11.870 loading class kotlin/reflect/jvm/internal/impl/protobuf/SmallSortedMap done


Dynamic libraries:
0x00007ff6f6e80000 - 0x00007ff6f6eb1000 	C:\Program Files\Android\Android Studio\jre\bin\java.exe
0x00007ffa3c8a0000 - 0x00007ffa3ca90000 	C:\WINDOWS\SYSTEM32\ntdll.dll
0x00007ffa3c7a0000 - 0x00007ffa3c852000 	C:\WINDOWS\System32\KERNEL32.DLL
0x00007ffa39830000 - 0x00007ffa39ad3000 	C:\WINDOWS\System32\KERNELBASE.dll
0x00007ffa3bab0000 - 0x00007ffa3bb53000 	C:\WINDOWS\System32\ADVAPI32.dll
0x00007ffa3ae50000 - 0x00007ffa3aeee000 	C:\WINDOWS\System32\msvcrt.dll
0x00007ffa3ab00000 - 0x00007ffa3ab97000 	C:\WINDOWS\System32\sechost.dll
0x00007ffa3b990000 - 0x00007ffa3bab0000 	C:\WINDOWS\System32\RPCRT4.dll
0x00007ffa3b790000 - 0x00007ffa3b924000 	C:\WINDOWS\System32\USER32.dll
0x00007ffa39fe0000 - 0x00007ffa3a001000 	C:\WINDOWS\System32\win32u.dll
0x00007ffa3b600000 - 0x00007ffa3b626000 	C:\WINDOWS\System32\GDI32.dll
0x00007ffa39c70000 - 0x00007ffa39e04000 	C:\WINDOWS\System32\gdi32full.dll
0x00007ffa39e10000 - 0x00007ffa39eae000 	C:\WINDOWS\System32\msvcp_win.dll
0x00007ffa39ae0000 - 0x00007ffa39bda000 	C:\WINDOWS\System32\ucrtbase.dll
0x00007ffa2b580000 - 0x00007ffa2b805000 	C:\WINDOWS\WinSxS\amd64_microsoft.windows.common-controls_6595b64144ccf1df_6.0.18362.476_none_e6c4b11b130f2595\COMCTL32.dll
0x00007ffa3b0a0000 - 0x00007ffa3b3d6000 	C:\WINDOWS\System32\combase.dll
0x00007ffa39eb0000 - 0x00007ffa39f30000 	C:\WINDOWS\System32\bcryptPrimitives.dll
0x00007ffa3c300000 - 0x00007ffa3c32e000 	C:\WINDOWS\System32\IMM32.DLL
0x0000000050230000 - 0x0000000050302000 	C:\Program Files\Android\Android Studio\jre\jre\bin\msvcr100.dll
0x0000000051370000 - 0x0000000051bb6000 	C:\Program Files\Android\Android Studio\jre\jre\bin\server\jvm.dll
0x00007ffa3ace0000 - 0x00007ffa3ace8000 	C:\WINDOWS\System32\PSAPI.DLL
0x00007ff9ff5a0000 - 0x00007ff9ff5a9000 	C:\WINDOWS\SYSTEM32\WSOCK32.dll
0x00007ffa37400000 - 0x00007ffa37424000 	C:\WINDOWS\SYSTEM32\WINMM.dll
0x00007ffa3b630000 - 0x00007ffa3b69f000 	C:\WINDOWS\System32\WS2_32.dll
0x00007ffa38280000 - 0x00007ffa3828a000 	C:\WINDOWS\SYSTEM32\VERSION.dll
0x00007ffa372f0000 - 0x00007ffa3731d000 	C:\WINDOWS\SYSTEM32\winmmbase.dll
0x00007ffa3a010000 - 0x00007ffa3a05a000 	C:\WINDOWS\System32\cfgmgr32.dll
0x00007ff9f5390000 - 0x00007ff9f539f000 	C:\Program Files\Android\Android Studio\jre\jre\bin\verify.dll
0x00007ff9ed5f0000 - 0x00007ff9ed619000 	C:\Program Files\Android\Android Studio\jre\jre\bin\java.dll
0x00007ff9ed5d0000 - 0x00007ff9ed5e6000 	C:\Program Files\Android\Android Studio\jre\jre\bin\zip.dll
0x00007ffa3bc10000 - 0x00007ffa3c2f5000 	C:\WINDOWS\System32\SHELL32.dll
0x00007ffa3b3e0000 - 0x00007ffa3b489000 	C:\WINDOWS\System32\shcore.dll
0x00007ffa3a1b0000 - 0x00007ffa3a92e000 	C:\WINDOWS\System32\windows.storage.dll
0x00007ffa397c0000 - 0x00007ffa397df000 	C:\WINDOWS\System32\profapi.dll
0x00007ffa397e0000 - 0x00007ffa3982a000 	C:\WINDOWS\System32\powrprof.dll
0x00007ffa39770000 - 0x00007ffa39780000 	C:\WINDOWS\System32\UMPDC.dll
0x00007ffa3af70000 - 0x00007ffa3afc2000 	C:\WINDOWS\System32\shlwapi.dll
0x00007ffa397a0000 - 0x00007ffa397b1000 	C:\WINDOWS\System32\kernel.appcore.dll
0x00007ffa3a930000 - 0x00007ffa3a947000 	C:\WINDOWS\System32\cryptsp.dll
0x00007ff9ed4e0000 - 0x00007ff9ed4fa000 	C:\Program Files\Android\Android Studio\jre\jre\bin\net.dll
0x00007ffa38f80000 - 0x00007ffa38fe7000 	C:\WINDOWS\system32\mswsock.dll
0x00007ff9ed4c0000 - 0x00007ff9ed4d1000 	C:\Program Files\Android\Android Studio\jre\jre\bin\nio.dll
0x00007ff9e16c0000 - 0x00007ff9e16e6000 	C:\Users\Administator\.gradle\native\29\windows-amd64\native-platform.dll
0x00007ff9ed4b0000 - 0x00007ff9ed4bd000 	C:\Program Files\Android\Android Studio\jre\jre\bin\management.dll
0x00007ffa38af0000 - 0x00007ffa38b23000 	C:\WINDOWS\system32\rsaenh.dll
0x00007ffa39be0000 - 0x00007ffa39c06000 	C:\WINDOWS\System32\bcrypt.dll
0x00007ffa39660000 - 0x00007ffa39685000 	C:\WINDOWS\SYSTEM32\USERENV.dll
0x00007ffa391b0000 - 0x00007ffa391bc000 	C:\WINDOWS\SYSTEM32\CRYPTBASE.dll
0x00007ffa38c90000 - 0x00007ffa38cca000 	C:\WINDOWS\SYSTEM32\IPHLPAPI.DLL
0x00007ffa3b520000 - 0x00007ffa3b528000 	C:\WINDOWS\System32\NSI.dll
0x00007ffa333b0000 - 0x00007ffa333c6000 	C:\WINDOWS\SYSTEM32\dhcpcsvc6.DLL
0x00007ffa33c30000 - 0x00007ffa33c4c000 	C:\WINDOWS\SYSTEM32\dhcpcsvc.DLL
0x00007ffa38cd0000 - 0x00007ffa38d9a000 	C:\WINDOWS\SYSTEM32\DNSAPI.dll

VM Arguments:
jvm_args: -Xmx1536m -Dfile.encoding=windows-1252 -Duser.country=US -Duser.language=en -Duser.variant 
java_command: org.gradle.launcher.daemon.bootstrap.GradleDaemon 5.4.1
java_class_path (initial): C:\Users\Administator\.gradle\wrapper\dists\gradle-5.4.1-all\3221gyojl5jsh0helicew7rwx\gradle-5.4.1\lib\gradle-launcher-5.4.1.jar
Launcher Type: SUN_STANDARD

Environment Variables:
PATH=C:\WINDOWS\system32;C:\WINDOWS;C:\WINDOWS\System32\Wbem;C:\WINDOWS\System32\WindowsPowerShell\v1.0\;C:\WINDOWS\System32\OpenSSH\;C:\Program Files\Microsoft SQL Server\Client SDK\ODBC\130\Tools\Binn\;C:\Program Files (x86)\Microsoft SQL Server\140\Tools\Binn\;C:\Program Files\Microsoft SQL Server\140\Tools\Binn\;C:\Program Files\Microsoft SQL Server\140\DTS\Binn\;C:\Program Files\dotnet\;C:\Program Files\Microsoft SQL Server\130\Tools\Binn\;C:\Program Files\Microsoft SQL Server\Client SDK\ODBC\170\Tools\Binn\;C:\Users\Administator\AppData\Local\Microsoft\WindowsApps;
USERNAME=Administator
OS=Windows_NT
PROCESSOR_IDENTIFIER=AMD64 Family 23 Model 8 Stepping 2, AuthenticAMD



---------------  S Y S T E M  ---------------

OS: Windows 10.0 , 64 bit Build 18362 (10.0.18362.329)

CPU:total 12 (initial active 12) (12 cores per cpu, 1 threads per core) family 23 model 8 stepping 2, cmov, cx8, fxsr, mmx, sse, sse2, sse3, ssse3, sse4.1, sse4.2, popcnt, avx, avx2, aes, clmul, mmxext, 3dnowpref, lzcnt, sse4a, tsc, tscinvbit, tscinv, bmi1

Memory: 4k page, physical 16708368k(1368328k free), swap 32299788k(6524k free)

vm_info: OpenJDK 64-Bit Server VM (25.202-b03) for windows-amd64 JRE (1.8.0_202-release-1483-b03), built by "builder" with MS VC++ 10.0 (VS2010)

time: Sun Feb 02 17:18:13 2020
timezone: SE Asia Standard Time
elapsed time: 11 seconds (0d 0h 0m 11s)

